ERROR - 2024-06-11 08:07:04 --> mysqli_sql_exception: No database selected in /opt/lampp/htdocs/brisk-codeignitor/system/Database/MySQLi/Connection.php:308
Stack trace:
#0 /opt/lampp/htdocs/brisk-codeignitor/system/Database/MySQLi/Connection.php(308): mysqli->query('SELECT *\nFROM `...', 0)
#1 /opt/lampp/htdocs/brisk-codeignitor/system/Database/BaseConnection.php(722): CodeIgniter\Database\MySQLi\Connection->execute('SELECT *\nFROM `...')
#2 /opt/lampp/htdocs/brisk-codeignitor/system/Database/BaseConnection.php(636): CodeIgniter\Database\BaseConnection->simpleQuery('SELECT *\nFROM `...')
#3 /opt/lampp/htdocs/brisk-codeignitor/system/Database/BaseBuilder.php(1629): CodeIgniter\Database\BaseConnection->query('SELECT *\nFROM `...', Array, false)
#4 /opt/lampp/htdocs/brisk-codeignitor/system/Model.php(275): CodeIgniter\Database\BaseBuilder->get()
#5 /opt/lampp/htdocs/brisk-codeignitor/system/BaseModel.php(676): CodeIgniter\Model->doFindAll(0, 0)
#6 /opt/lampp/htdocs/brisk-codeignitor/app/Controllers/Home.php(17): CodeIgniter\BaseModel->findAll()
#7 /opt/lampp/htdocs/brisk-codeignitor/system/CodeIgniter.php(933): App\Controllers\Home->blog()
#8 /opt/lampp/htdocs/brisk-codeignitor/system/CodeIgniter.php(509): CodeIgniter\CodeIgniter->runController(Object(App\Controllers\Home))
#9 /opt/lampp/htdocs/brisk-codeignitor/system/CodeIgniter.php(355): CodeIgniter\CodeIgniter->handleRequest(NULL, Object(Config\Cache), false)
#10 /opt/lampp/htdocs/brisk-codeignitor/system/Boot.php(312): CodeIgniter\CodeIgniter->run()
#11 /opt/lampp/htdocs/brisk-codeignitor/system/Boot.php(67): CodeIgniter\Boot::runCodeIgniter(Object(CodeIgniter\CodeIgniter))
#12 /opt/lampp/htdocs/brisk-codeignitor/public/index.php(56): CodeIgniter\Boot::bootWeb(Object(Config\Paths))
#13 {main}
CRITICAL - 2024-06-11 08:07:04 --> CodeIgniter\Database\Exceptions\DatabaseException: No database selected
[Method: GET, Route: blog]
in SYSTEMPATH/Database/BaseConnection.php on line 676.
 1 SYSTEMPATH/Database/BaseBuilder.php(1629): CodeIgniter\Database\BaseConnection->query('SELECT *
FROM `Posts`', [], false)
 2 SYSTEMPATH/Model.php(275): CodeIgniter\Database\BaseBuilder->get()
 3 SYSTEMPATH/BaseModel.php(676): CodeIgniter\Model->doFindAll(0, 0)
 4 APPPATH/Controllers/Home.php(17): CodeIgniter\BaseModel->findAll()
 5 SYSTEMPATH/CodeIgniter.php(933): App\Controllers\Home->blog()
 6 SYSTEMPATH/CodeIgniter.php(509): CodeIgniter\CodeIgniter->runController(Object(App\Controllers\Home))
 7 SYSTEMPATH/CodeIgniter.php(355): CodeIgniter\CodeIgniter->handleRequest(null, Object(Config\Cache), false)
 8 SYSTEMPATH/Boot.php(312): CodeIgniter\CodeIgniter->run()
 9 SYSTEMPATH/Boot.php(67): CodeIgniter\Boot::runCodeIgniter(Object(CodeIgniter\CodeIgniter))
10 FCPATH/index.php(56): CodeIgniter\Boot::bootWeb(Object(Config\Paths))
CRITICAL - 2024-06-11 08:07:04 --> [Caused by] CodeIgniter\Database\Exceptions\DatabaseException: No database selected
in SYSTEMPATH/Database/MySQLi/Connection.php on line 313.
 1 SYSTEMPATH/Database/BaseConnection.php(722): CodeIgniter\Database\MySQLi\Connection->execute('SELECT *
FROM `Posts`')
 2 SYSTEMPATH/Database/BaseConnection.php(636): CodeIgniter\Database\BaseConnection->simpleQuery('SELECT *
FROM `Posts`')
 3 SYSTEMPATH/Database/BaseBuilder.php(1629): CodeIgniter\Database\BaseConnection->query('SELECT *
FROM `Posts`', [], false)
 4 SYSTEMPATH/Model.php(275): CodeIgniter\Database\BaseBuilder->get()
 5 SYSTEMPATH/BaseModel.php(676): CodeIgniter\Model->doFindAll(0, 0)
 6 APPPATH/Controllers/Home.php(17): CodeIgniter\BaseModel->findAll()
 7 SYSTEMPATH/CodeIgniter.php(933): App\Controllers\Home->blog()
 8 SYSTEMPATH/CodeIgniter.php(509): CodeIgniter\CodeIgniter->runController(Object(App\Controllers\Home))
 9 SYSTEMPATH/CodeIgniter.php(355): CodeIgniter\CodeIgniter->handleRequest(null, Object(Config\Cache), false)
10 SYSTEMPATH/Boot.php(312): CodeIgniter\CodeIgniter->run()
11 SYSTEMPATH/Boot.php(67): CodeIgniter\Boot::runCodeIgniter(Object(CodeIgniter\CodeIgniter))
12 FCPATH/index.php(56): CodeIgniter\Boot::bootWeb(Object(Config\Paths))
CRITICAL - 2024-06-11 08:07:04 --> [Caused by] mysqli_sql_exception: No database selected
in SYSTEMPATH/Database/MySQLi/Connection.php on line 308.
 1 SYSTEMPATH/Database/MySQLi/Connection.php(308): mysqli->query('SELECT *
FROM `Posts`', 0)
 2 SYSTEMPATH/Database/BaseConnection.php(722): CodeIgniter\Database\MySQLi\Connection->execute('SELECT *
FROM `Posts`')
 3 SYSTEMPATH/Database/BaseConnection.php(636): CodeIgniter\Database\BaseConnection->simpleQuery('SELECT *
FROM `Posts`')
 4 SYSTEMPATH/Database/BaseBuilder.php(1629): CodeIgniter\Database\BaseConnection->query('SELECT *
FROM `Posts`', [], false)
 5 SYSTEMPATH/Model.php(275): CodeIgniter\Database\BaseBuilder->get()
 6 SYSTEMPATH/BaseModel.php(676): CodeIgniter\Model->doFindAll(0, 0)
 7 APPPATH/Controllers/Home.php(17): CodeIgniter\BaseModel->findAll()
 8 SYSTEMPATH/CodeIgniter.php(933): App\Controllers\Home->blog()
 9 SYSTEMPATH/CodeIgniter.php(509): CodeIgniter\CodeIgniter->runController(Object(App\Controllers\Home))
10 SYSTEMPATH/CodeIgniter.php(355): CodeIgniter\CodeIgniter->handleRequest(null, Object(Config\Cache), false)
11 SYSTEMPATH/Boot.php(312): CodeIgniter\CodeIgniter->run()
12 SYSTEMPATH/Boot.php(67): CodeIgniter\Boot::runCodeIgniter(Object(CodeIgniter\CodeIgniter))
13 FCPATH/index.php(56): CodeIgniter\Boot::bootWeb(Object(Config\Paths))
ERROR - 2024-06-11 08:07:08 --> mysqli_sql_exception: No database selected in /opt/lampp/htdocs/brisk-codeignitor/system/Database/MySQLi/Connection.php:308
Stack trace:
#0 /opt/lampp/htdocs/brisk-codeignitor/system/Database/MySQLi/Connection.php(308): mysqli->query('SELECT *\nFROM `...', 0)
#1 /opt/lampp/htdocs/brisk-codeignitor/system/Database/BaseConnection.php(722): CodeIgniter\Database\MySQLi\Connection->execute('SELECT *\nFROM `...')
#2 /opt/lampp/htdocs/brisk-codeignitor/system/Database/BaseConnection.php(636): CodeIgniter\Database\BaseConnection->simpleQuery('SELECT *\nFROM `...')
#3 /opt/lampp/htdocs/brisk-codeignitor/system/Database/BaseBuilder.php(1629): CodeIgniter\Database\BaseConnection->query('SELECT *\nFROM `...', Array, false)
#4 /opt/lampp/htdocs/brisk-codeignitor/system/Model.php(275): CodeIgniter\Database\BaseBuilder->get()
#5 /opt/lampp/htdocs/brisk-codeignitor/system/BaseModel.php(676): CodeIgniter\Model->doFindAll(0, 0)
#6 /opt/lampp/htdocs/brisk-codeignitor/app/Controllers/Home.php(17): CodeIgniter\BaseModel->findAll()
#7 /opt/lampp/htdocs/brisk-codeignitor/system/CodeIgniter.php(933): App\Controllers\Home->blog()
#8 /opt/lampp/htdocs/brisk-codeignitor/system/CodeIgniter.php(509): CodeIgniter\CodeIgniter->runController(Object(App\Controllers\Home))
#9 /opt/lampp/htdocs/brisk-codeignitor/system/CodeIgniter.php(355): CodeIgniter\CodeIgniter->handleRequest(NULL, Object(Config\Cache), false)
#10 /opt/lampp/htdocs/brisk-codeignitor/system/Boot.php(312): CodeIgniter\CodeIgniter->run()
#11 /opt/lampp/htdocs/brisk-codeignitor/system/Boot.php(67): CodeIgniter\Boot::runCodeIgniter(Object(CodeIgniter\CodeIgniter))
#12 /opt/lampp/htdocs/brisk-codeignitor/public/index.php(56): CodeIgniter\Boot::bootWeb(Object(Config\Paths))
#13 {main}
CRITICAL - 2024-06-11 08:07:08 --> CodeIgniter\Database\Exceptions\DatabaseException: No database selected
[Method: GET, Route: blog]
in SYSTEMPATH/Database/BaseConnection.php on line 676.
 1 SYSTEMPATH/Database/BaseBuilder.php(1629): CodeIgniter\Database\BaseConnection->query('SELECT *
FROM `Posts`', [], false)
 2 SYSTEMPATH/Model.php(275): CodeIgniter\Database\BaseBuilder->get()
 3 SYSTEMPATH/BaseModel.php(676): CodeIgniter\Model->doFindAll(0, 0)
 4 APPPATH/Controllers/Home.php(17): CodeIgniter\BaseModel->findAll()
 5 SYSTEMPATH/CodeIgniter.php(933): App\Controllers\Home->blog()
 6 SYSTEMPATH/CodeIgniter.php(509): CodeIgniter\CodeIgniter->runController(Object(App\Controllers\Home))
 7 SYSTEMPATH/CodeIgniter.php(355): CodeIgniter\CodeIgniter->handleRequest(null, Object(Config\Cache), false)
 8 SYSTEMPATH/Boot.php(312): CodeIgniter\CodeIgniter->run()
 9 SYSTEMPATH/Boot.php(67): CodeIgniter\Boot::runCodeIgniter(Object(CodeIgniter\CodeIgniter))
10 FCPATH/index.php(56): CodeIgniter\Boot::bootWeb(Object(Config\Paths))
CRITICAL - 2024-06-11 08:07:08 --> [Caused by] CodeIgniter\Database\Exceptions\DatabaseException: No database selected
in SYSTEMPATH/Database/MySQLi/Connection.php on line 313.
 1 SYSTEMPATH/Database/BaseConnection.php(722): CodeIgniter\Database\MySQLi\Connection->execute('SELECT *
FROM `Posts`')
 2 SYSTEMPATH/Database/BaseConnection.php(636): CodeIgniter\Database\BaseConnection->simpleQuery('SELECT *
FROM `Posts`')
 3 SYSTEMPATH/Database/BaseBuilder.php(1629): CodeIgniter\Database\BaseConnection->query('SELECT *
FROM `Posts`', [], false)
 4 SYSTEMPATH/Model.php(275): CodeIgniter\Database\BaseBuilder->get()
 5 SYSTEMPATH/BaseModel.php(676): CodeIgniter\Model->doFindAll(0, 0)
 6 APPPATH/Controllers/Home.php(17): CodeIgniter\BaseModel->findAll()
 7 SYSTEMPATH/CodeIgniter.php(933): App\Controllers\Home->blog()
 8 SYSTEMPATH/CodeIgniter.php(509): CodeIgniter\CodeIgniter->runController(Object(App\Controllers\Home))
 9 SYSTEMPATH/CodeIgniter.php(355): CodeIgniter\CodeIgniter->handleRequest(null, Object(Config\Cache), false)
10 SYSTEMPATH/Boot.php(312): CodeIgniter\CodeIgniter->run()
11 SYSTEMPATH/Boot.php(67): CodeIgniter\Boot::runCodeIgniter(Object(CodeIgniter\CodeIgniter))
12 FCPATH/index.php(56): CodeIgniter\Boot::bootWeb(Object(Config\Paths))
CRITICAL - 2024-06-11 08:07:08 --> [Caused by] mysqli_sql_exception: No database selected
in SYSTEMPATH/Database/MySQLi/Connection.php on line 308.
 1 SYSTEMPATH/Database/MySQLi/Connection.php(308): mysqli->query('SELECT *
FROM `Posts`', 0)
 2 SYSTEMPATH/Database/BaseConnection.php(722): CodeIgniter\Database\MySQLi\Connection->execute('SELECT *
FROM `Posts`')
 3 SYSTEMPATH/Database/BaseConnection.php(636): CodeIgniter\Database\BaseConnection->simpleQuery('SELECT *
FROM `Posts`')
 4 SYSTEMPATH/Database/BaseBuilder.php(1629): CodeIgniter\Database\BaseConnection->query('SELECT *
FROM `Posts`', [], false)
 5 SYSTEMPATH/Model.php(275): CodeIgniter\Database\BaseBuilder->get()
 6 SYSTEMPATH/BaseModel.php(676): CodeIgniter\Model->doFindAll(0, 0)
 7 APPPATH/Controllers/Home.php(17): CodeIgniter\BaseModel->findAll()
 8 SYSTEMPATH/CodeIgniter.php(933): App\Controllers\Home->blog()
 9 SYSTEMPATH/CodeIgniter.php(509): CodeIgniter\CodeIgniter->runController(Object(App\Controllers\Home))
10 SYSTEMPATH/CodeIgniter.php(355): CodeIgniter\CodeIgniter->handleRequest(null, Object(Config\Cache), false)
11 SYSTEMPATH/Boot.php(312): CodeIgniter\CodeIgniter->run()
12 SYSTEMPATH/Boot.php(67): CodeIgniter\Boot::runCodeIgniter(Object(CodeIgniter\CodeIgniter))
13 FCPATH/index.php(56): CodeIgniter\Boot::bootWeb(Object(Config\Paths))
ERROR - 2024-06-11 08:07:10 --> mysqli_sql_exception: No database selected in /opt/lampp/htdocs/brisk-codeignitor/system/Database/MySQLi/Connection.php:308
Stack trace:
#0 /opt/lampp/htdocs/brisk-codeignitor/system/Database/MySQLi/Connection.php(308): mysqli->query('SELECT *\nFROM `...', 0)
#1 /opt/lampp/htdocs/brisk-codeignitor/system/Database/BaseConnection.php(722): CodeIgniter\Database\MySQLi\Connection->execute('SELECT *\nFROM `...')
#2 /opt/lampp/htdocs/brisk-codeignitor/system/Database/BaseConnection.php(636): CodeIgniter\Database\BaseConnection->simpleQuery('SELECT *\nFROM `...')
#3 /opt/lampp/htdocs/brisk-codeignitor/system/Database/BaseBuilder.php(1629): CodeIgniter\Database\BaseConnection->query('SELECT *\nFROM `...', Array, false)
#4 /opt/lampp/htdocs/brisk-codeignitor/system/Model.php(275): CodeIgniter\Database\BaseBuilder->get()
#5 /opt/lampp/htdocs/brisk-codeignitor/system/BaseModel.php(676): CodeIgniter\Model->doFindAll(0, 0)
#6 /opt/lampp/htdocs/brisk-codeignitor/app/Controllers/Home.php(17): CodeIgniter\BaseModel->findAll()
#7 /opt/lampp/htdocs/brisk-codeignitor/system/CodeIgniter.php(933): App\Controllers\Home->blog()
#8 /opt/lampp/htdocs/brisk-codeignitor/system/CodeIgniter.php(509): CodeIgniter\CodeIgniter->runController(Object(App\Controllers\Home))
#9 /opt/lampp/htdocs/brisk-codeignitor/system/CodeIgniter.php(355): CodeIgniter\CodeIgniter->handleRequest(NULL, Object(Config\Cache), false)
#10 /opt/lampp/htdocs/brisk-codeignitor/system/Boot.php(312): CodeIgniter\CodeIgniter->run()
#11 /opt/lampp/htdocs/brisk-codeignitor/system/Boot.php(67): CodeIgniter\Boot::runCodeIgniter(Object(CodeIgniter\CodeIgniter))
#12 /opt/lampp/htdocs/brisk-codeignitor/public/index.php(56): CodeIgniter\Boot::bootWeb(Object(Config\Paths))
#13 {main}
CRITICAL - 2024-06-11 08:07:10 --> CodeIgniter\Database\Exceptions\DatabaseException: No database selected
[Method: GET, Route: blog]
in SYSTEMPATH/Database/BaseConnection.php on line 676.
 1 SYSTEMPATH/Database/BaseBuilder.php(1629): CodeIgniter\Database\BaseConnection->query('SELECT *
FROM `Posts`', [], false)
 2 SYSTEMPATH/Model.php(275): CodeIgniter\Database\BaseBuilder->get()
 3 SYSTEMPATH/BaseModel.php(676): CodeIgniter\Model->doFindAll(0, 0)
 4 APPPATH/Controllers/Home.php(17): CodeIgniter\BaseModel->findAll()
 5 SYSTEMPATH/CodeIgniter.php(933): App\Controllers\Home->blog()
 6 SYSTEMPATH/CodeIgniter.php(509): CodeIgniter\CodeIgniter->runController(Object(App\Controllers\Home))
 7 SYSTEMPATH/CodeIgniter.php(355): CodeIgniter\CodeIgniter->handleRequest(null, Object(Config\Cache), false)
 8 SYSTEMPATH/Boot.php(312): CodeIgniter\CodeIgniter->run()
 9 SYSTEMPATH/Boot.php(67): CodeIgniter\Boot::runCodeIgniter(Object(CodeIgniter\CodeIgniter))
10 FCPATH/index.php(56): CodeIgniter\Boot::bootWeb(Object(Config\Paths))
CRITICAL - 2024-06-11 08:07:10 --> [Caused by] CodeIgniter\Database\Exceptions\DatabaseException: No database selected
in SYSTEMPATH/Database/MySQLi/Connection.php on line 313.
 1 SYSTEMPATH/Database/BaseConnection.php(722): CodeIgniter\Database\MySQLi\Connection->execute('SELECT *
FROM `Posts`')
 2 SYSTEMPATH/Database/BaseConnection.php(636): CodeIgniter\Database\BaseConnection->simpleQuery('SELECT *
FROM `Posts`')
 3 SYSTEMPATH/Database/BaseBuilder.php(1629): CodeIgniter\Database\BaseConnection->query('SELECT *
FROM `Posts`', [], false)
 4 SYSTEMPATH/Model.php(275): CodeIgniter\Database\BaseBuilder->get()
 5 SYSTEMPATH/BaseModel.php(676): CodeIgniter\Model->doFindAll(0, 0)
 6 APPPATH/Controllers/Home.php(17): CodeIgniter\BaseModel->findAll()
 7 SYSTEMPATH/CodeIgniter.php(933): App\Controllers\Home->blog()
 8 SYSTEMPATH/CodeIgniter.php(509): CodeIgniter\CodeIgniter->runController(Object(App\Controllers\Home))
 9 SYSTEMPATH/CodeIgniter.php(355): CodeIgniter\CodeIgniter->handleRequest(null, Object(Config\Cache), false)
10 SYSTEMPATH/Boot.php(312): CodeIgniter\CodeIgniter->run()
11 SYSTEMPATH/Boot.php(67): CodeIgniter\Boot::runCodeIgniter(Object(CodeIgniter\CodeIgniter))
12 FCPATH/index.php(56): CodeIgniter\Boot::bootWeb(Object(Config\Paths))
CRITICAL - 2024-06-11 08:07:10 --> [Caused by] mysqli_sql_exception: No database selected
in SYSTEMPATH/Database/MySQLi/Connection.php on line 308.
 1 SYSTEMPATH/Database/MySQLi/Connection.php(308): mysqli->query('SELECT *
FROM `Posts`', 0)
 2 SYSTEMPATH/Database/BaseConnection.php(722): CodeIgniter\Database\MySQLi\Connection->execute('SELECT *
FROM `Posts`')
 3 SYSTEMPATH/Database/BaseConnection.php(636): CodeIgniter\Database\BaseConnection->simpleQuery('SELECT *
FROM `Posts`')
 4 SYSTEMPATH/Database/BaseBuilder.php(1629): CodeIgniter\Database\BaseConnection->query('SELECT *
FROM `Posts`', [], false)
 5 SYSTEMPATH/Model.php(275): CodeIgniter\Database\BaseBuilder->get()
 6 SYSTEMPATH/BaseModel.php(676): CodeIgniter\Model->doFindAll(0, 0)
 7 APPPATH/Controllers/Home.php(17): CodeIgniter\BaseModel->findAll()
 8 SYSTEMPATH/CodeIgniter.php(933): App\Controllers\Home->blog()
 9 SYSTEMPATH/CodeIgniter.php(509): CodeIgniter\CodeIgniter->runController(Object(App\Controllers\Home))
10 SYSTEMPATH/CodeIgniter.php(355): CodeIgniter\CodeIgniter->handleRequest(null, Object(Config\Cache), false)
11 SYSTEMPATH/Boot.php(312): CodeIgniter\CodeIgniter->run()
12 SYSTEMPATH/Boot.php(67): CodeIgniter\Boot::runCodeIgniter(Object(CodeIgniter\CodeIgniter))
13 FCPATH/index.php(56): CodeIgniter\Boot::bootWeb(Object(Config\Paths))
CRITICAL - 2024-06-11 08:08:33 --> ErrorException: Undefined variable $data
[Method: GET, Route: blog]
in APPPATH/Controllers/Home.php on line 18.
 1 APPPATH/Controllers/Home.php(18): CodeIgniter\Debug\Exceptions->errorHandler(2, 'Undefined variable $data', '/opt/lampp/htdocs/brisk-codeignitor/app/Controllers/Home.php', 18)
 2 SYSTEMPATH/CodeIgniter.php(933): App\Controllers\Home->blog()
 3 SYSTEMPATH/CodeIgniter.php(509): CodeIgniter\CodeIgniter->runController(Object(App\Controllers\Home))
 4 SYSTEMPATH/CodeIgniter.php(355): CodeIgniter\CodeIgniter->handleRequest(null, Object(Config\Cache), false)
 5 SYSTEMPATH/Boot.php(312): CodeIgniter\CodeIgniter->run()
 6 SYSTEMPATH/Boot.php(67): CodeIgniter\Boot::runCodeIgniter(Object(CodeIgniter\CodeIgniter))
 7 FCPATH/index.php(56): CodeIgniter\Boot::bootWeb(Object(Config\Paths))
CRITICAL - 2024-06-11 08:08:34 --> ErrorException: Undefined variable $data
[Method: GET, Route: blog]
in APPPATH/Controllers/Home.php on line 18.
 1 APPPATH/Controllers/Home.php(18): CodeIgniter\Debug\Exceptions->errorHandler(2, 'Undefined variable $data', '/opt/lampp/htdocs/brisk-codeignitor/app/Controllers/Home.php', 18)
 2 SYSTEMPATH/CodeIgniter.php(933): App\Controllers\Home->blog()
 3 SYSTEMPATH/CodeIgniter.php(509): CodeIgniter\CodeIgniter->runController(Object(App\Controllers\Home))
 4 SYSTEMPATH/CodeIgniter.php(355): CodeIgniter\CodeIgniter->handleRequest(null, Object(Config\Cache), false)
 5 SYSTEMPATH/Boot.php(312): CodeIgniter\CodeIgniter->run()
 6 SYSTEMPATH/Boot.php(67): CodeIgniter\Boot::runCodeIgniter(Object(CodeIgniter\CodeIgniter))
 7 FCPATH/index.php(56): CodeIgniter\Boot::bootWeb(Object(Config\Paths))
CRITICAL - 2024-06-11 08:09:10 --> ErrorException: Undefined variable $blog
[Method: GET, Route: blog]
in APPPATH/Views/blog.php on line 78.
 1 APPPATH/Views/blog.php(78): CodeIgniter\Debug\Exceptions->errorHandler(2, 'Undefined variable $blog', '/opt/lampp/htdocs/brisk-codeignitor/app/Views/blog.php', 78)
 2 SYSTEMPATH/View/View.php(234): include('/opt/lampp/htdocs/brisk-codeignitor/app/Views/blog.php')
 3 SYSTEMPATH/View/View.php(237): CodeIgniter\View\View->CodeIgniter\View\{closure}()
 4 SYSTEMPATH/Common.php(1171): CodeIgniter\View\View->render('blog', [], true)
 5 APPPATH/Controllers/Home.php(18): view('blog')
 6 SYSTEMPATH/CodeIgniter.php(933): App\Controllers\Home->blog()
 7 SYSTEMPATH/CodeIgniter.php(509): CodeIgniter\CodeIgniter->runController(Object(App\Controllers\Home))
 8 SYSTEMPATH/CodeIgniter.php(355): CodeIgniter\CodeIgniter->handleRequest(null, Object(Config\Cache), false)
 9 SYSTEMPATH/Boot.php(312): CodeIgniter\CodeIgniter->run()
10 SYSTEMPATH/Boot.php(67): CodeIgniter\Boot::runCodeIgniter(Object(CodeIgniter\CodeIgniter))
11 FCPATH/index.php(56): CodeIgniter\Boot::bootWeb(Object(Config\Paths))
CRITICAL - 2024-06-11 08:09:11 --> ErrorException: Undefined variable $blog
[Method: GET, Route: blog]
in APPPATH/Views/blog.php on line 78.
 1 APPPATH/Views/blog.php(78): CodeIgniter\Debug\Exceptions->errorHandler(2, 'Undefined variable $blog', '/opt/lampp/htdocs/brisk-codeignitor/app/Views/blog.php', 78)
 2 SYSTEMPATH/View/View.php(234): include('/opt/lampp/htdocs/brisk-codeignitor/app/Views/blog.php')
 3 SYSTEMPATH/View/View.php(237): CodeIgniter\View\View->CodeIgniter\View\{closure}()
 4 SYSTEMPATH/Common.php(1171): CodeIgniter\View\View->render('blog', [], true)
 5 APPPATH/Controllers/Home.php(18): view('blog')
 6 SYSTEMPATH/CodeIgniter.php(933): App\Controllers\Home->blog()
 7 SYSTEMPATH/CodeIgniter.php(509): CodeIgniter\CodeIgniter->runController(Object(App\Controllers\Home))
 8 SYSTEMPATH/CodeIgniter.php(355): CodeIgniter\CodeIgniter->handleRequest(null, Object(Config\Cache), false)
 9 SYSTEMPATH/Boot.php(312): CodeIgniter\CodeIgniter->run()
10 SYSTEMPATH/Boot.php(67): CodeIgniter\Boot::runCodeIgniter(Object(CodeIgniter\CodeIgniter))
11 FCPATH/index.php(56): CodeIgniter\Boot::bootWeb(Object(Config\Paths))
CRITICAL - 2024-06-11 08:09:12 --> ErrorException: Undefined variable $blog
[Method: GET, Route: blog]
in APPPATH/Views/blog.php on line 78.
 1 APPPATH/Views/blog.php(78): CodeIgniter\Debug\Exceptions->errorHandler(2, 'Undefined variable $blog', '/opt/lampp/htdocs/brisk-codeignitor/app/Views/blog.php', 78)
 2 SYSTEMPATH/View/View.php(234): include('/opt/lampp/htdocs/brisk-codeignitor/app/Views/blog.php')
 3 SYSTEMPATH/View/View.php(237): CodeIgniter\View\View->CodeIgniter\View\{closure}()
 4 SYSTEMPATH/Common.php(1171): CodeIgniter\View\View->render('blog', [], true)
 5 APPPATH/Controllers/Home.php(18): view('blog')
 6 SYSTEMPATH/CodeIgniter.php(933): App\Controllers\Home->blog()
 7 SYSTEMPATH/CodeIgniter.php(509): CodeIgniter\CodeIgniter->runController(Object(App\Controllers\Home))
 8 SYSTEMPATH/CodeIgniter.php(355): CodeIgniter\CodeIgniter->handleRequest(null, Object(Config\Cache), false)
 9 SYSTEMPATH/Boot.php(312): CodeIgniter\CodeIgniter->run()
10 SYSTEMPATH/Boot.php(67): CodeIgniter\Boot::runCodeIgniter(Object(CodeIgniter\CodeIgniter))
11 FCPATH/index.php(56): CodeIgniter\Boot::bootWeb(Object(Config\Paths))
CRITICAL - 2024-06-11 08:09:13 --> ErrorException: Undefined variable $blog
[Method: GET, Route: blog]
in APPPATH/Views/blog.php on line 78.
 1 APPPATH/Views/blog.php(78): CodeIgniter\Debug\Exceptions->errorHandler(2, 'Undefined variable $blog', '/opt/lampp/htdocs/brisk-codeignitor/app/Views/blog.php', 78)
 2 SYSTEMPATH/View/View.php(234): include('/opt/lampp/htdocs/brisk-codeignitor/app/Views/blog.php')
 3 SYSTEMPATH/View/View.php(237): CodeIgniter\View\View->CodeIgniter\View\{closure}()
 4 SYSTEMPATH/Common.php(1171): CodeIgniter\View\View->render('blog', [], true)
 5 APPPATH/Controllers/Home.php(18): view('blog')
 6 SYSTEMPATH/CodeIgniter.php(933): App\Controllers\Home->blog()
 7 SYSTEMPATH/CodeIgniter.php(509): CodeIgniter\CodeIgniter->runController(Object(App\Controllers\Home))
 8 SYSTEMPATH/CodeIgniter.php(355): CodeIgniter\CodeIgniter->handleRequest(null, Object(Config\Cache), false)
 9 SYSTEMPATH/Boot.php(312): CodeIgniter\CodeIgniter->run()
10 SYSTEMPATH/Boot.php(67): CodeIgniter\Boot::runCodeIgniter(Object(CodeIgniter\CodeIgniter))
11 FCPATH/index.php(56): CodeIgniter\Boot::bootWeb(Object(Config\Paths))
CRITICAL - 2024-06-11 08:09:14 --> ErrorException: Undefined variable $blog
[Method: GET, Route: blog]
in APPPATH/Views/blog.php on line 78.
 1 APPPATH/Views/blog.php(78): CodeIgniter\Debug\Exceptions->errorHandler(2, 'Undefined variable $blog', '/opt/lampp/htdocs/brisk-codeignitor/app/Views/blog.php', 78)
 2 SYSTEMPATH/View/View.php(234): include('/opt/lampp/htdocs/brisk-codeignitor/app/Views/blog.php')
 3 SYSTEMPATH/View/View.php(237): CodeIgniter\View\View->CodeIgniter\View\{closure}()
 4 SYSTEMPATH/Common.php(1171): CodeIgniter\View\View->render('blog', [], true)
 5 APPPATH/Controllers/Home.php(18): view('blog')
 6 SYSTEMPATH/CodeIgniter.php(933): App\Controllers\Home->blog()
 7 SYSTEMPATH/CodeIgniter.php(509): CodeIgniter\CodeIgniter->runController(Object(App\Controllers\Home))
 8 SYSTEMPATH/CodeIgniter.php(355): CodeIgniter\CodeIgniter->handleRequest(null, Object(Config\Cache), false)
 9 SYSTEMPATH/Boot.php(312): CodeIgniter\CodeIgniter->run()
10 SYSTEMPATH/Boot.php(67): CodeIgniter\Boot::runCodeIgniter(Object(CodeIgniter\CodeIgniter))
11 FCPATH/index.php(56): CodeIgniter\Boot::bootWeb(Object(Config\Paths))
CRITICAL - 2024-06-11 08:09:49 --> ErrorException: Undefined variable $blog
[Method: GET, Route: blog]
in APPPATH/Views/blog.php on line 78.
 1 APPPATH/Views/blog.php(78): CodeIgniter\Debug\Exceptions->errorHandler(2, 'Undefined variable $blog', '/opt/lampp/htdocs/brisk-codeignitor/app/Views/blog.php', 78)
 2 SYSTEMPATH/View/View.php(234): include('/opt/lampp/htdocs/brisk-codeignitor/app/Views/blog.php')
 3 SYSTEMPATH/View/View.php(237): CodeIgniter\View\View->CodeIgniter\View\{closure}()
 4 SYSTEMPATH/Common.php(1171): CodeIgniter\View\View->render('blog', [], true)
 5 APPPATH/Controllers/Home.php(18): view('blog')
 6 SYSTEMPATH/CodeIgniter.php(933): App\Controllers\Home->blog()
 7 SYSTEMPATH/CodeIgniter.php(509): CodeIgniter\CodeIgniter->runController(Object(App\Controllers\Home))
 8 SYSTEMPATH/CodeIgniter.php(355): CodeIgniter\CodeIgniter->handleRequest(null, Object(Config\Cache), false)
 9 SYSTEMPATH/Boot.php(312): CodeIgniter\CodeIgniter->run()
10 SYSTEMPATH/Boot.php(67): CodeIgniter\Boot::runCodeIgniter(Object(CodeIgniter\CodeIgniter))
11 FCPATH/index.php(56): CodeIgniter\Boot::bootWeb(Object(Config\Paths))
CRITICAL - 2024-06-11 08:09:50 --> ErrorException: Undefined variable $blog
[Method: GET, Route: blog]
in APPPATH/Views/blog.php on line 78.
 1 APPPATH/Views/blog.php(78): CodeIgniter\Debug\Exceptions->errorHandler(2, 'Undefined variable $blog', '/opt/lampp/htdocs/brisk-codeignitor/app/Views/blog.php', 78)
 2 SYSTEMPATH/View/View.php(234): include('/opt/lampp/htdocs/brisk-codeignitor/app/Views/blog.php')
 3 SYSTEMPATH/View/View.php(237): CodeIgniter\View\View->CodeIgniter\View\{closure}()
 4 SYSTEMPATH/Common.php(1171): CodeIgniter\View\View->render('blog', [], true)
 5 APPPATH/Controllers/Home.php(18): view('blog')
 6 SYSTEMPATH/CodeIgniter.php(933): App\Controllers\Home->blog()
 7 SYSTEMPATH/CodeIgniter.php(509): CodeIgniter\CodeIgniter->runController(Object(App\Controllers\Home))
 8 SYSTEMPATH/CodeIgniter.php(355): CodeIgniter\CodeIgniter->handleRequest(null, Object(Config\Cache), false)
 9 SYSTEMPATH/Boot.php(312): CodeIgniter\CodeIgniter->run()
10 SYSTEMPATH/Boot.php(67): CodeIgniter\Boot::runCodeIgniter(Object(CodeIgniter\CodeIgniter))
11 FCPATH/index.php(56): CodeIgniter\Boot::bootWeb(Object(Config\Paths))
CRITICAL - 2024-06-11 08:09:51 --> ErrorException: Undefined variable $blog
[Method: GET, Route: blog]
in APPPATH/Views/blog.php on line 78.
 1 APPPATH/Views/blog.php(78): CodeIgniter\Debug\Exceptions->errorHandler(2, 'Undefined variable $blog', '/opt/lampp/htdocs/brisk-codeignitor/app/Views/blog.php', 78)
 2 SYSTEMPATH/View/View.php(234): include('/opt/lampp/htdocs/brisk-codeignitor/app/Views/blog.php')
 3 SYSTEMPATH/View/View.php(237): CodeIgniter\View\View->CodeIgniter\View\{closure}()
 4 SYSTEMPATH/Common.php(1171): CodeIgniter\View\View->render('blog', [], true)
 5 APPPATH/Controllers/Home.php(18): view('blog')
 6 SYSTEMPATH/CodeIgniter.php(933): App\Controllers\Home->blog()
 7 SYSTEMPATH/CodeIgniter.php(509): CodeIgniter\CodeIgniter->runController(Object(App\Controllers\Home))
 8 SYSTEMPATH/CodeIgniter.php(355): CodeIgniter\CodeIgniter->handleRequest(null, Object(Config\Cache), false)
 9 SYSTEMPATH/Boot.php(312): CodeIgniter\CodeIgniter->run()
10 SYSTEMPATH/Boot.php(67): CodeIgniter\Boot::runCodeIgniter(Object(CodeIgniter\CodeIgniter))
11 FCPATH/index.php(56): CodeIgniter\Boot::bootWeb(Object(Config\Paths))
CRITICAL - 2024-06-11 08:12:23 --> ErrorException: Undefined variable $blog
[Method: GET, Route: blog]
in APPPATH/Views/blog.php on line 78.
 1 APPPATH/Views/blog.php(78): CodeIgniter\Debug\Exceptions->errorHandler(2, 'Undefined variable $blog', '/opt/lampp/htdocs/brisk-codeignitor/app/Views/blog.php', 78)
 2 SYSTEMPATH/View/View.php(234): include('/opt/lampp/htdocs/brisk-codeignitor/app/Views/blog.php')
 3 SYSTEMPATH/View/View.php(237): CodeIgniter\View\View->CodeIgniter\View\{closure}()
 4 SYSTEMPATH/Common.php(1171): CodeIgniter\View\View->render('blog', [], true)
 5 APPPATH/Controllers/Home.php(18): view('blog')
 6 SYSTEMPATH/CodeIgniter.php(933): App\Controllers\Home->blog()
 7 SYSTEMPATH/CodeIgniter.php(509): CodeIgniter\CodeIgniter->runController(Object(App\Controllers\Home))
 8 SYSTEMPATH/CodeIgniter.php(355): CodeIgniter\CodeIgniter->handleRequest(null, Object(Config\Cache), false)
 9 SYSTEMPATH/Boot.php(312): CodeIgniter\CodeIgniter->run()
10 SYSTEMPATH/Boot.php(67): CodeIgniter\Boot::runCodeIgniter(Object(CodeIgniter\CodeIgniter))
11 FCPATH/index.php(56): CodeIgniter\Boot::bootWeb(Object(Config\Paths))
CRITICAL - 2024-06-11 08:12:24 --> ErrorException: Undefined variable $blog
[Method: GET, Route: blog]
in APPPATH/Views/blog.php on line 78.
 1 APPPATH/Views/blog.php(78): CodeIgniter\Debug\Exceptions->errorHandler(2, 'Undefined variable $blog', '/opt/lampp/htdocs/brisk-codeignitor/app/Views/blog.php', 78)
 2 SYSTEMPATH/View/View.php(234): include('/opt/lampp/htdocs/brisk-codeignitor/app/Views/blog.php')
 3 SYSTEMPATH/View/View.php(237): CodeIgniter\View\View->CodeIgniter\View\{closure}()
 4 SYSTEMPATH/Common.php(1171): CodeIgniter\View\View->render('blog', [], true)
 5 APPPATH/Controllers/Home.php(18): view('blog')
 6 SYSTEMPATH/CodeIgniter.php(933): App\Controllers\Home->blog()
 7 SYSTEMPATH/CodeIgniter.php(509): CodeIgniter\CodeIgniter->runController(Object(App\Controllers\Home))
 8 SYSTEMPATH/CodeIgniter.php(355): CodeIgniter\CodeIgniter->handleRequest(null, Object(Config\Cache), false)
 9 SYSTEMPATH/Boot.php(312): CodeIgniter\CodeIgniter->run()
10 SYSTEMPATH/Boot.php(67): CodeIgniter\Boot::runCodeIgniter(Object(CodeIgniter\CodeIgniter))
11 FCPATH/index.php(56): CodeIgniter\Boot::bootWeb(Object(Config\Paths))
CRITICAL - 2024-06-11 08:19:54 --> ErrorException: Undefined variable $blog
[Method: GET, Route: blog]
in APPPATH/Views/blog.php on line 78.
 1 APPPATH/Views/blog.php(78): CodeIgniter\Debug\Exceptions->errorHandler(2, 'Undefined variable $blog', '/opt/lampp/htdocs/brisk-codeignitor/app/Views/blog.php', 78)
 2 SYSTEMPATH/View/View.php(234): include('/opt/lampp/htdocs/brisk-codeignitor/app/Views/blog.php')
 3 SYSTEMPATH/View/View.php(237): CodeIgniter\View\View->CodeIgniter\View\{closure}()
 4 SYSTEMPATH/Common.php(1171): CodeIgniter\View\View->render('blog', [], true)
 5 APPPATH/Controllers/Home.php(17): view('blog')
 6 SYSTEMPATH/CodeIgniter.php(933): App\Controllers\Home->blog()
 7 SYSTEMPATH/CodeIgniter.php(509): CodeIgniter\CodeIgniter->runController(Object(App\Controllers\Home))
 8 SYSTEMPATH/CodeIgniter.php(355): CodeIgniter\CodeIgniter->handleRequest(null, Object(Config\Cache), false)
 9 SYSTEMPATH/Boot.php(312): CodeIgniter\CodeIgniter->run()
10 SYSTEMPATH/Boot.php(67): CodeIgniter\Boot::runCodeIgniter(Object(CodeIgniter\CodeIgniter))
11 FCPATH/index.php(56): CodeIgniter\Boot::bootWeb(Object(Config\Paths))
CRITICAL - 2024-06-11 08:19:56 --> ErrorException: Undefined variable $blog
[Method: GET, Route: blog]
in APPPATH/Views/blog.php on line 78.
 1 APPPATH/Views/blog.php(78): CodeIgniter\Debug\Exceptions->errorHandler(2, 'Undefined variable $blog', '/opt/lampp/htdocs/brisk-codeignitor/app/Views/blog.php', 78)
 2 SYSTEMPATH/View/View.php(234): include('/opt/lampp/htdocs/brisk-codeignitor/app/Views/blog.php')
 3 SYSTEMPATH/View/View.php(237): CodeIgniter\View\View->CodeIgniter\View\{closure}()
 4 SYSTEMPATH/Common.php(1171): CodeIgniter\View\View->render('blog', [], true)
 5 APPPATH/Controllers/Home.php(17): view('blog')
 6 SYSTEMPATH/CodeIgniter.php(933): App\Controllers\Home->blog()
 7 SYSTEMPATH/CodeIgniter.php(509): CodeIgniter\CodeIgniter->runController(Object(App\Controllers\Home))
 8 SYSTEMPATH/CodeIgniter.php(355): CodeIgniter\CodeIgniter->handleRequest(null, Object(Config\Cache), false)
 9 SYSTEMPATH/Boot.php(312): CodeIgniter\CodeIgniter->run()
10 SYSTEMPATH/Boot.php(67): CodeIgniter\Boot::runCodeIgniter(Object(CodeIgniter\CodeIgniter))
11 FCPATH/index.php(56): CodeIgniter\Boot::bootWeb(Object(Config\Paths))
CRITICAL - 2024-06-11 08:19:56 --> ErrorException: Undefined variable $blog
[Method: GET, Route: blog]
in APPPATH/Views/blog.php on line 78.
 1 APPPATH/Views/blog.php(78): CodeIgniter\Debug\Exceptions->errorHandler(2, 'Undefined variable $blog', '/opt/lampp/htdocs/brisk-codeignitor/app/Views/blog.php', 78)
 2 SYSTEMPATH/View/View.php(234): include('/opt/lampp/htdocs/brisk-codeignitor/app/Views/blog.php')
 3 SYSTEMPATH/View/View.php(237): CodeIgniter\View\View->CodeIgniter\View\{closure}()
 4 SYSTEMPATH/Common.php(1171): CodeIgniter\View\View->render('blog', [], true)
 5 APPPATH/Controllers/Home.php(17): view('blog')
 6 SYSTEMPATH/CodeIgniter.php(933): App\Controllers\Home->blog()
 7 SYSTEMPATH/CodeIgniter.php(509): CodeIgniter\CodeIgniter->runController(Object(App\Controllers\Home))
 8 SYSTEMPATH/CodeIgniter.php(355): CodeIgniter\CodeIgniter->handleRequest(null, Object(Config\Cache), false)
 9 SYSTEMPATH/Boot.php(312): CodeIgniter\CodeIgniter->run()
10 SYSTEMPATH/Boot.php(67): CodeIgniter\Boot::runCodeIgniter(Object(CodeIgniter\CodeIgniter))
11 FCPATH/index.php(56): CodeIgniter\Boot::bootWeb(Object(Config\Paths))
CRITICAL - 2024-06-11 08:19:57 --> ErrorException: Undefined variable $blog
[Method: GET, Route: blog]
in APPPATH/Views/blog.php on line 78.
 1 APPPATH/Views/blog.php(78): CodeIgniter\Debug\Exceptions->errorHandler(2, 'Undefined variable $blog', '/opt/lampp/htdocs/brisk-codeignitor/app/Views/blog.php', 78)
 2 SYSTEMPATH/View/View.php(234): include('/opt/lampp/htdocs/brisk-codeignitor/app/Views/blog.php')
 3 SYSTEMPATH/View/View.php(237): CodeIgniter\View\View->CodeIgniter\View\{closure}()
 4 SYSTEMPATH/Common.php(1171): CodeIgniter\View\View->render('blog', [], true)
 5 APPPATH/Controllers/Home.php(17): view('blog')
 6 SYSTEMPATH/CodeIgniter.php(933): App\Controllers\Home->blog()
 7 SYSTEMPATH/CodeIgniter.php(509): CodeIgniter\CodeIgniter->runController(Object(App\Controllers\Home))
 8 SYSTEMPATH/CodeIgniter.php(355): CodeIgniter\CodeIgniter->handleRequest(null, Object(Config\Cache), false)
 9 SYSTEMPATH/Boot.php(312): CodeIgniter\CodeIgniter->run()
10 SYSTEMPATH/Boot.php(67): CodeIgniter\Boot::runCodeIgniter(Object(CodeIgniter\CodeIgniter))
11 FCPATH/index.php(56): CodeIgniter\Boot::bootWeb(Object(Config\Paths))
CRITICAL - 2024-06-11 08:19:57 --> ErrorException: Undefined variable $blog
[Method: GET, Route: blog]
in APPPATH/Views/blog.php on line 78.
 1 APPPATH/Views/blog.php(78): CodeIgniter\Debug\Exceptions->errorHandler(2, 'Undefined variable $blog', '/opt/lampp/htdocs/brisk-codeignitor/app/Views/blog.php', 78)
 2 SYSTEMPATH/View/View.php(234): include('/opt/lampp/htdocs/brisk-codeignitor/app/Views/blog.php')
 3 SYSTEMPATH/View/View.php(237): CodeIgniter\View\View->CodeIgniter\View\{closure}()
 4 SYSTEMPATH/Common.php(1171): CodeIgniter\View\View->render('blog', [], true)
 5 APPPATH/Controllers/Home.php(17): view('blog')
 6 SYSTEMPATH/CodeIgniter.php(933): App\Controllers\Home->blog()
 7 SYSTEMPATH/CodeIgniter.php(509): CodeIgniter\CodeIgniter->runController(Object(App\Controllers\Home))
 8 SYSTEMPATH/CodeIgniter.php(355): CodeIgniter\CodeIgniter->handleRequest(null, Object(Config\Cache), false)
 9 SYSTEMPATH/Boot.php(312): CodeIgniter\CodeIgniter->run()
10 SYSTEMPATH/Boot.php(67): CodeIgniter\Boot::runCodeIgniter(Object(CodeIgniter\CodeIgniter))
11 FCPATH/index.php(56): CodeIgniter\Boot::bootWeb(Object(Config\Paths))
CRITICAL - 2024-06-11 08:19:58 --> ErrorException: Undefined variable $blog
[Method: GET, Route: blog]
in APPPATH/Views/blog.php on line 78.
 1 APPPATH/Views/blog.php(78): CodeIgniter\Debug\Exceptions->errorHandler(2, 'Undefined variable $blog', '/opt/lampp/htdocs/brisk-codeignitor/app/Views/blog.php', 78)
 2 SYSTEMPATH/View/View.php(234): include('/opt/lampp/htdocs/brisk-codeignitor/app/Views/blog.php')
 3 SYSTEMPATH/View/View.php(237): CodeIgniter\View\View->CodeIgniter\View\{closure}()
 4 SYSTEMPATH/Common.php(1171): CodeIgniter\View\View->render('blog', [], true)
 5 APPPATH/Controllers/Home.php(17): view('blog')
 6 SYSTEMPATH/CodeIgniter.php(933): App\Controllers\Home->blog()
 7 SYSTEMPATH/CodeIgniter.php(509): CodeIgniter\CodeIgniter->runController(Object(App\Controllers\Home))
 8 SYSTEMPATH/CodeIgniter.php(355): CodeIgniter\CodeIgniter->handleRequest(null, Object(Config\Cache), false)
 9 SYSTEMPATH/Boot.php(312): CodeIgniter\CodeIgniter->run()
10 SYSTEMPATH/Boot.php(67): CodeIgniter\Boot::runCodeIgniter(Object(CodeIgniter\CodeIgniter))
11 FCPATH/index.php(56): CodeIgniter\Boot::bootWeb(Object(Config\Paths))
CRITICAL - 2024-06-11 08:19:59 --> ErrorException: Undefined variable $blog
[Method: GET, Route: blog]
in APPPATH/Views/blog.php on line 78.
 1 APPPATH/Views/blog.php(78): CodeIgniter\Debug\Exceptions->errorHandler(2, 'Undefined variable $blog', '/opt/lampp/htdocs/brisk-codeignitor/app/Views/blog.php', 78)
 2 SYSTEMPATH/View/View.php(234): include('/opt/lampp/htdocs/brisk-codeignitor/app/Views/blog.php')
 3 SYSTEMPATH/View/View.php(237): CodeIgniter\View\View->CodeIgniter\View\{closure}()
 4 SYSTEMPATH/Common.php(1171): CodeIgniter\View\View->render('blog', [], true)
 5 APPPATH/Controllers/Home.php(17): view('blog')
 6 SYSTEMPATH/CodeIgniter.php(933): App\Controllers\Home->blog()
 7 SYSTEMPATH/CodeIgniter.php(509): CodeIgniter\CodeIgniter->runController(Object(App\Controllers\Home))
 8 SYSTEMPATH/CodeIgniter.php(355): CodeIgniter\CodeIgniter->handleRequest(null, Object(Config\Cache), false)
 9 SYSTEMPATH/Boot.php(312): CodeIgniter\CodeIgniter->run()
10 SYSTEMPATH/Boot.php(67): CodeIgniter\Boot::runCodeIgniter(Object(CodeIgniter\CodeIgniter))
11 FCPATH/index.php(56): CodeIgniter\Boot::bootWeb(Object(Config\Paths))
CRITICAL - 2024-06-11 08:19:59 --> ErrorException: Undefined variable $blog
[Method: GET, Route: blog]
in APPPATH/Views/blog.php on line 78.
 1 APPPATH/Views/blog.php(78): CodeIgniter\Debug\Exceptions->errorHandler(2, 'Undefined variable $blog', '/opt/lampp/htdocs/brisk-codeignitor/app/Views/blog.php', 78)
 2 SYSTEMPATH/View/View.php(234): include('/opt/lampp/htdocs/brisk-codeignitor/app/Views/blog.php')
 3 SYSTEMPATH/View/View.php(237): CodeIgniter\View\View->CodeIgniter\View\{closure}()
 4 SYSTEMPATH/Common.php(1171): CodeIgniter\View\View->render('blog', [], true)
 5 APPPATH/Controllers/Home.php(17): view('blog')
 6 SYSTEMPATH/CodeIgniter.php(933): App\Controllers\Home->blog()
 7 SYSTEMPATH/CodeIgniter.php(509): CodeIgniter\CodeIgniter->runController(Object(App\Controllers\Home))
 8 SYSTEMPATH/CodeIgniter.php(355): CodeIgniter\CodeIgniter->handleRequest(null, Object(Config\Cache), false)
 9 SYSTEMPATH/Boot.php(312): CodeIgniter\CodeIgniter->run()
10 SYSTEMPATH/Boot.php(67): CodeIgniter\Boot::runCodeIgniter(Object(CodeIgniter\CodeIgniter))
11 FCPATH/index.php(56): CodeIgniter\Boot::bootWeb(Object(Config\Paths))
CRITICAL - 2024-06-11 08:20:00 --> ErrorException: Undefined variable $blog
[Method: GET, Route: blog]
in APPPATH/Views/blog.php on line 78.
 1 APPPATH/Views/blog.php(78): CodeIgniter\Debug\Exceptions->errorHandler(2, 'Undefined variable $blog', '/opt/lampp/htdocs/brisk-codeignitor/app/Views/blog.php', 78)
 2 SYSTEMPATH/View/View.php(234): include('/opt/lampp/htdocs/brisk-codeignitor/app/Views/blog.php')
 3 SYSTEMPATH/View/View.php(237): CodeIgniter\View\View->CodeIgniter\View\{closure}()
 4 SYSTEMPATH/Common.php(1171): CodeIgniter\View\View->render('blog', [], true)
 5 APPPATH/Controllers/Home.php(17): view('blog')
 6 SYSTEMPATH/CodeIgniter.php(933): App\Controllers\Home->blog()
 7 SYSTEMPATH/CodeIgniter.php(509): CodeIgniter\CodeIgniter->runController(Object(App\Controllers\Home))
 8 SYSTEMPATH/CodeIgniter.php(355): CodeIgniter\CodeIgniter->handleRequest(null, Object(Config\Cache), false)
 9 SYSTEMPATH/Boot.php(312): CodeIgniter\CodeIgniter->run()
10 SYSTEMPATH/Boot.php(67): CodeIgniter\Boot::runCodeIgniter(Object(CodeIgniter\CodeIgniter))
11 FCPATH/index.php(56): CodeIgniter\Boot::bootWeb(Object(Config\Paths))
CRITICAL - 2024-06-11 08:20:01 --> ErrorException: Undefined variable $blog
[Method: GET, Route: blog]
in APPPATH/Views/blog.php on line 78.
 1 APPPATH/Views/blog.php(78): CodeIgniter\Debug\Exceptions->errorHandler(2, 'Undefined variable $blog', '/opt/lampp/htdocs/brisk-codeignitor/app/Views/blog.php', 78)
 2 SYSTEMPATH/View/View.php(234): include('/opt/lampp/htdocs/brisk-codeignitor/app/Views/blog.php')
 3 SYSTEMPATH/View/View.php(237): CodeIgniter\View\View->CodeIgniter\View\{closure}()
 4 SYSTEMPATH/Common.php(1171): CodeIgniter\View\View->render('blog', [], true)
 5 APPPATH/Controllers/Home.php(17): view('blog')
 6 SYSTEMPATH/CodeIgniter.php(933): App\Controllers\Home->blog()
 7 SYSTEMPATH/CodeIgniter.php(509): CodeIgniter\CodeIgniter->runController(Object(App\Controllers\Home))
 8 SYSTEMPATH/CodeIgniter.php(355): CodeIgniter\CodeIgniter->handleRequest(null, Object(Config\Cache), false)
 9 SYSTEMPATH/Boot.php(312): CodeIgniter\CodeIgniter->run()
10 SYSTEMPATH/Boot.php(67): CodeIgniter\Boot::runCodeIgniter(Object(CodeIgniter\CodeIgniter))
11 FCPATH/index.php(56): CodeIgniter\Boot::bootWeb(Object(Config\Paths))
CRITICAL - 2024-06-11 08:20:02 --> ErrorException: Undefined variable $blog
[Method: GET, Route: blog]
in APPPATH/Views/blog.php on line 78.
 1 APPPATH/Views/blog.php(78): CodeIgniter\Debug\Exceptions->errorHandler(2, 'Undefined variable $blog', '/opt/lampp/htdocs/brisk-codeignitor/app/Views/blog.php', 78)
 2 SYSTEMPATH/View/View.php(234): include('/opt/lampp/htdocs/brisk-codeignitor/app/Views/blog.php')
 3 SYSTEMPATH/View/View.php(237): CodeIgniter\View\View->CodeIgniter\View\{closure}()
 4 SYSTEMPATH/Common.php(1171): CodeIgniter\View\View->render('blog', [], true)
 5 APPPATH/Controllers/Home.php(17): view('blog')
 6 SYSTEMPATH/CodeIgniter.php(933): App\Controllers\Home->blog()
 7 SYSTEMPATH/CodeIgniter.php(509): CodeIgniter\CodeIgniter->runController(Object(App\Controllers\Home))
 8 SYSTEMPATH/CodeIgniter.php(355): CodeIgniter\CodeIgniter->handleRequest(null, Object(Config\Cache), false)
 9 SYSTEMPATH/Boot.php(312): CodeIgniter\CodeIgniter->run()
10 SYSTEMPATH/Boot.php(67): CodeIgniter\Boot::runCodeIgniter(Object(CodeIgniter\CodeIgniter))
11 FCPATH/index.php(56): CodeIgniter\Boot::bootWeb(Object(Config\Paths))
