CRITICAL - 2024-06-05 09:41:26 --> CodeIgniter\HTTP\Exceptions\BadRequestException: The URI you submitted has disallowed characters: "index,php"
[Method: GET, Route: index,php/blog]
in SYSTEMPATH/Router/Router.php on line 736.
 1 SYSTEMPATH/Router/Router.php(203): CodeIgniter\Router\Router->checkDisallowedChars('index,php/blog')
 2 SYSTEMPATH/CodeIgniter.php(834): CodeIgniter\Router\Router->handle('index,php/blog')
 3 SYSTEMPATH/CodeIgniter.php(457): CodeIgniter\CodeIgniter->tryToRouteIt(Object(CodeIgniter\Router\RouteCollection))
 4 SYSTEMPATH/CodeIgniter.php(355): CodeIgniter\CodeIgniter->handleRequest(null, Object(Config\Cache), false)
 5 SYSTEMPATH/Boot.php(312): CodeIgniter\CodeIgniter->run()
 6 SYSTEMPATH/Boot.php(67): CodeIgniter\Boot::runCodeIgniter(Object(CodeIgniter\CodeIgniter))
 7 FCPATH/index.php(56): CodeIgniter\Boot::bootWeb(Object(Config\Paths))
CRITICAL - 2024-06-05 09:43:05 --> CodeIgniter\HTTP\Exceptions\BadRequestException: The URI you submitted has disallowed characters: "index,php"
[Method: GET, Route: index,php/blog]
in SYSTEMPATH/Router/Router.php on line 736.
 1 SYSTEMPATH/Router/Router.php(203): CodeIgniter\Router\Router->checkDisallowedChars('index,php/blog')
 2 SYSTEMPATH/CodeIgniter.php(834): CodeIgniter\Router\Router->handle('index,php/blog')
 3 SYSTEMPATH/CodeIgniter.php(457): CodeIgniter\CodeIgniter->tryToRouteIt(Object(CodeIgniter\Router\RouteCollection))
 4 SYSTEMPATH/CodeIgniter.php(355): CodeIgniter\CodeIgniter->handleRequest(null, Object(Config\Cache), false)
 5 SYSTEMPATH/Boot.php(312): CodeIgniter\CodeIgniter->run()
 6 SYSTEMPATH/Boot.php(67): CodeIgniter\Boot::runCodeIgniter(Object(CodeIgniter\CodeIgniter))
 7 FCPATH/index.php(56): CodeIgniter\Boot::bootWeb(Object(Config\Paths))
CRITICAL - 2024-06-05 09:43:07 --> CodeIgniter\HTTP\Exceptions\BadRequestException: The URI you submitted has disallowed characters: "index,php"
[Method: GET, Route: index,php/blog]
in SYSTEMPATH/Router/Router.php on line 736.
 1 SYSTEMPATH/Router/Router.php(203): CodeIgniter\Router\Router->checkDisallowedChars('index,php/blog')
 2 SYSTEMPATH/CodeIgniter.php(834): CodeIgniter\Router\Router->handle('index,php/blog')
 3 SYSTEMPATH/CodeIgniter.php(457): CodeIgniter\CodeIgniter->tryToRouteIt(Object(CodeIgniter\Router\RouteCollection))
 4 SYSTEMPATH/CodeIgniter.php(355): CodeIgniter\CodeIgniter->handleRequest(null, Object(Config\Cache), false)
 5 SYSTEMPATH/Boot.php(312): CodeIgniter\CodeIgniter->run()
 6 SYSTEMPATH/Boot.php(67): CodeIgniter\Boot::runCodeIgniter(Object(CodeIgniter\CodeIgniter))
 7 FCPATH/index.php(56): CodeIgniter\Boot::bootWeb(Object(Config\Paths))
CRITICAL - 2024-06-05 10:07:18 --> CodeIgniter\HTTP\Exceptions\BadRequestException: The URI you submitted has disallowed characters: "index,php"
[Method: GET, Route: index,php/blog]
in SYSTEMPATH/Router/Router.php on line 736.
 1 SYSTEMPATH/Router/Router.php(203): CodeIgniter\Router\Router->checkDisallowedChars('index,php/blog')
 2 SYSTEMPATH/CodeIgniter.php(834): CodeIgniter\Router\Router->handle('index,php/blog')
 3 SYSTEMPATH/CodeIgniter.php(457): CodeIgniter\CodeIgniter->tryToRouteIt(Object(CodeIgniter\Router\RouteCollection))
 4 SYSTEMPATH/CodeIgniter.php(355): CodeIgniter\CodeIgniter->handleRequest(null, Object(Config\Cache), false)
 5 SYSTEMPATH/Boot.php(312): CodeIgniter\CodeIgniter->run()
 6 SYSTEMPATH/Boot.php(67): CodeIgniter\Boot::runCodeIgniter(Object(CodeIgniter\CodeIgniter))
 7 FCPATH/index.php(56): CodeIgniter\Boot::bootWeb(Object(Config\Paths))
